<?xml version="1.0" encoding="UTF-8"?>
<testsuite name="com.example.gitstudy.Mission.JUnit_SpockTestGroovy" tests="1" skipped="0" failures="0" errors="0" timestamp="2024-05-30T14:56:19" hostname="iseumeoil-ui-MacBookPro.local" time="0.237">
  <properties/>
  <testcase name="exception" classname="com.example.gitstudy.Mission.JUnit_SpockTestGroovy" time="0.237"/>
  <system-out><![CDATA[]]></system-out>
  <system-err><![CDATA[]]></system-err>
</testsuite>
